-------------------------------------------------------------------------------
Test set: com.example.webshopbackend.controller.UserControllerTest
-------------------------------------------------------------------------------
Tests run: 3, Failures: 1, Errors: 0, Skipped: 0, Time elapsed: 4.615 s <<< FAILURE! - in com.example.webshopbackend.controller.UserControllerTest
testDeleteUserEndpoint  Time elapsed: 0.328 s  <<< FAILURE!
java.lang.AssertionError: Status expected:<200> but was:<404>
	at com.example.webshopbackend.controller.UserControllerTest.testDeleteUserEndpoint(UserControllerTest.java:68)

