-------------------------------------------------------------------------------
Test set: com.example.webshopbackend.service.UserServiceImplTest
-------------------------------------------------------------------------------
Tests run: 2, Failures: 1, Errors: 0, Skipped: 0, Time elapsed: 0.827 s <<< FAILURE! - in com.example.webshopbackend.service.UserServiceImplTest
testFindAllUsers  Time elapsed: 0.657 s  <<< FAILURE!
org.opentest4j.AssertionFailedError: expected: <2> but was: <0>
	at com.example.webshopbackend.service.UserServiceImplTest.testFindAllUsers(UserServiceImplTest.java:95)

