<?xml version="1.0" encoding="UTF-8"?>
<testsuite xmlns:xsi="http://www.w3.org/2001/XMLSchema-instance" xsi:noNamespaceSchemaLocation="https://maven.apache.org/surefire/maven-surefire-plugin/xsd/surefire-test-report.xsd" name="com.example.webshopbackend.controller.UserControllerTest" time="4.386" tests="3" errors="0" skipped="0" failures="1">
  <properties>
[...]
</properties>
  <testcase name="testDeleteUserEndpoint" classname="com.example.webshopbackend.controller.UserControllerTest" time="0.288">
    <failure message="Status expected:&lt;200&gt; but was:&lt;404&gt;" type="java.lang.AssertionError"><![CDATA[java.lang.AssertionError: Status expected:<200> but was:<404>
	at com.example.webshopbackend.controller.UserControllerTest.testDeleteUserEndpoint(UserControllerTest.java:81)
]]></failure>
    <system-out><![CDATA[13:24:29.515 [main] DEBUG org.springframework.boot.test.context.SpringBootTestContextBootstrapper - Neither @ContextConfiguration nor @ContextHierarchy found for test class [UserControllerTest]: using SpringBootContextLoader
13:24:29.518 [main] DEBUG org.springframework.test.context.support.AbstractContextLoader - Could not detect default resource locations for test class [com.example.webshopbackend.controller.UserControllerTest]: no resource found for suffixes {-context.xml, Context.groovy}.
13:24:29.519 [main] INFO org.springframework.test.context.support.AnnotationConfigContextLoaderUtils - Could not detect default configuration classes for test class [com.example.webshopbackend.controller.UserControllerTest]: UserControllerTest does not declare any static, non-private, non-final, nested classes annotated with @Configuration.
13:24:29.548 [main] DEBUG org.springframework.boot.test.context.SpringBootTestContextBootstrapper - Using ContextCustomizers for test class [UserControllerTest]: [ImportsContextCustomizer, ExcludeFilterContextCustomizer, DuplicateJsonObjectContextCustomizer, MockitoContextCustomizer, TestRestTemplateContextCustomizer, DisableObservabilityContextCustomizer, PropertyMappingContextCustomizer, Customizer]
13:24:29.617 [main] DEBUG org.springframework.context.annotation.ClassPathScanningCandidateComponentProvider - Identified candidate component class: file [/Users/alinasorger/Projects/tofushop/Backend/target/classes/com/example/webshopbackend/WebshopBackendApplication.class]
13:24:29.618 [main] INFO org.springframework.boot.test.context.SpringBootTestContextBootstrapper - Found @SpringBootConfiguration com.example.webshopbackend.WebshopBackendApplication for test class com.example.webshopbackend.controller.UserControllerTest
13:24:29.691 [main] DEBUG org.springframework.boot.test.context.SpringBootTestContextBootstrapper - Using TestExecutionListeners for test class [UserControllerTest]: [ServletTestExecutionListener, DirtiesContextBeforeModesTestExecutionListener, ApplicationEventsTestExecutionListener, MockitoTestExecutionListener, DependencyInjectionTestExecutionListener, DirtiesContextTestExecutionListener, TransactionalTestExecutionListener, SqlScriptsTestExecutionListener, EventPublishingTestExecutionListener, ResetMocksTestExecutionListener, RestDocsTestExecutionListener, MockRestServiceServerResetTestExecutionListener, MockMvcPrintOnlyOnFailureTestExecutionListener, WebDriverTestExecutionListener, MockWebServiceServerTestExecutionListener]
13:24:29.692 [main] DEBUG org.springframework.test.context.support.AbstractDirtiesContextTestExecutionListener - Before test class: class [UserControllerTest], class annotated with @DirtiesContext [false] with mode [null]

  .   ____          _            __ _ _
 /\\ / ___'_ __ _ _(_)_ __  __ _ \ \ \ \
( ( )\___ | '_ | '_| | '_ \/ _` | \ \ \ \
 \\/  ___)| |_)| | | | | || (_| |  ) ) ) )
  '  |____| .__|_| |_|_| |_\__, | / / / /
 =========|_|==============|___/=/_/_/_/
 :: Spring Boot ::                (v3.0.1)

2023-10-13T13:24:29.909+02:00  INFO 72661 --- [           main] c.e.w.controller.UserControllerTest      : Starting UserControllerTest using Java 20.0.1 with PID 72661 (started by alinasorger in /Users/alinasorger/Projects/tofushop/Backend)
2023-10-13T13:24:29.910+02:00  INFO 72661 --- [           main] c.e.w.controller.UserControllerTest      : No active profile set, falling back to 1 default profile: "default"
2023-10-13T13:24:30.407+02:00  INFO 72661 --- [           main] .s.d.r.c.RepositoryConfigurationDelegate : Bootstrapping Spring Data JPA repositories in DEFAULT mode.
2023-10-13T13:24:30.465+02:00  INFO 72661 --- [           main] .s.d.r.c.RepositoryConfigurationDelegate : Finished Spring Data repository scanning in 51 ms. Found 4 JPA repository interfaces.
2023-10-13T13:24:30.885+02:00  INFO 72661 --- [           main] o.hibernate.jpa.internal.util.LogHelper  : HHH000204: Processing PersistenceUnitInfo [name: default]
2023-10-13T13:24:30.925+02:00  INFO 72661 --- [           main] org.hibernate.Version                    : HHH000412: Hibernate ORM core version 6.1.6.Final
2023-10-13T13:24:31.039+02:00  WARN 72661 --- [           main] org.hibernate.orm.deprecation            : HHH90000021: Encountered deprecated setting [javax.persistence.sharedCache.mode], use [jakarta.persistence.sharedCache.mode] instead
2023-10-13T13:24:31.129+02:00  INFO 72661 --- [           main] com.zaxxer.hikari.HikariDataSource       : HikariPool-1 - Starting...
2023-10-13T13:24:31.460+02:00  INFO 72661 --- [           main] com.zaxxer.hikari.pool.HikariPool        : HikariPool-1 - Added connection com.mysql.cj.jdbc.ConnectionImpl@7ef8e623
2023-10-13T13:24:31.461+02:00  INFO 72661 --- [           main] com.zaxxer.hikari.HikariDataSource       : HikariPool-1 - Start completed.
2023-10-13T13:24:31.506+02:00  INFO 72661 --- [           main] SQL dialect                              : HHH000400: Using dialect: org.hibernate.dialect.MySQLDialect
2023-10-13T13:24:32.298+02:00  INFO 72661 --- [           main] o.h.e.t.j.p.i.JtaPlatformInitiator       : HHH000490: Using JtaPlatform implementation: [org.hibernate.engine.transaction.jta.platform.internal.NoJtaPlatform]
2023-10-13T13:24:32.305+02:00  INFO 72661 --- [           main] j.LocalContainerEntityManagerFactoryBean : Initialized JPA EntityManagerFactory for persistence unit 'default'
2023-10-13T13:24:32.710+02:00  WARN 72661 --- [           main] JpaBaseConfiguration$JpaWebConfiguration : spring.jpa.open-in-view is enabled by default. Therefore, database queries may be performed during view rendering. Explicitly configure spring.jpa.open-in-view to disable this warning
2023-10-13T13:24:32.944+02:00  WARN 72661 --- [           main] .s.s.UserDetailsServiceAutoConfiguration : 

Using generated security password: 7bd551d9-3526-4974-bfdd-ab7d4ea889f7

This generated password is for development use only. Your security configuration must be updated before running your application in production.

2023-10-13T13:24:33.027+02:00  INFO 72661 --- [           main] o.s.s.web.DefaultSecurityFilterChain     : Will secure Or [Mvc [pattern='/**']] with [org.springframework.security.web.session.DisableEncodeUrlFilter@6e111aeb, org.springframework.security.web.context.request.async.WebAsyncManagerIntegrationFilter@55a5eea3, org.springframework.security.web.context.SecurityContextHolderFilter@429dde4d, org.springframework.security.web.header.HeaderWriterFilter@4afdb05e, org.springframework.security.web.authentication.logout.LogoutFilter@7cc7e441, com.example.webshopbackend.security.JwtAuthenticationFilter@4edd8a0a, org.springframework.security.web.savedrequest.RequestCacheAwareFilter@5ef48b08, org.springframework.security.web.servletapi.SecurityContextHolderAwareRequestFilter@7a1878d, org.springframework.security.web.authentication.AnonymousAuthenticationFilter@46ab8e4b, org.springframework.security.web.session.SessionManagementFilter@7f9b851c, org.springframework.security.web.access.ExceptionTranslationFilter@260f05ee, org.springframework.security.web.access.intercept.AuthorizationFilter@5f3c866c]
2023-10-13T13:24:33.208+02:00  INFO 72661 --- [           main] o.s.b.t.m.w.SpringBootMockServletContext : Initializing Spring TestDispatcherServlet ''
2023-10-13T13:24:33.208+02:00  INFO 72661 --- [           main] o.s.t.web.servlet.TestDispatcherServlet  : Initializing Servlet ''
2023-10-13T13:24:33.209+02:00  INFO 72661 --- [           main] o.s.t.web.servlet.TestDispatcherServlet  : Completed initialization in 1 ms
2023-10-13T13:24:33.234+02:00  INFO 72661 --- [           main] c.e.w.controller.UserControllerTest      : Started UserControllerTest in 3.515 seconds (process running for 4.222)
{"id": 1}
Generated Token: eyJhbGciOiJIUzI1NiIsInR5cCI6IkpXVCJ9.eyJzdWIiOiIxIiwiZSI6ImFkbWluQGV4YW1wbGUuY29tIiwiYSI6WyJBRE1JTiJdLCJleHAiOjE2OTcyODI2NzN9.m3cia4XHgWV1p7fNen61GoSbTfnaJKJ3KQpMbFdFIh8

MockHttpServletRequest:
      HTTP Method = DELETE
      Request URI = /user/1
       Parameters = {}
          Headers = [Content-Type:"application/json;charset=UTF-8", Authorization:"Bearer eyJhbGciOiJIUzI1NiIsInR5cCI6IkpXVCJ9.eyJzdWIiOiIxIiwiZSI6ImFkbWluQGV4YW1wbGUuY29tIiwiYSI6WyJBRE1JTiJdLCJleHAiOjE2OTcyODI2NzN9.m3cia4XHgWV1p7fNen61GoSbTfnaJKJ3KQpMbFdFIh8", Content-Length:"9"]
             Body = {"id": 1}
    Session Attrs = {}

Handler:
             Type = com.example.webshopbackend.controller.UserController
           Method = com.example.webshopbackend.controller.UserController#delete(long)

Async:
    Async started = false
     Async result = null

Resolved Exception:
             Type = null

ModelAndView:
        View name = null
             View = null
            Model = null

FlashMap:
       Attributes = null

MockHttpServletResponse:
           Status = 404
    Error message = null
          Headers = [Vary:"Origin", "Access-Control-Request-Method", "Access-Control-Request-Headers", Content-Type:"text/plain;charset=ISO-8859-1", Content-Length:"25", X-Content-Type-Options:"nosniff", X-XSS-Protection:"0", Cache-Control:"no-cache, no-store, max-age=0, must-revalidate", Pragma:"no-cache", Expires:"0", X-Frame-Options:"DENY"]
     Content type = text/plain;charset=ISO-8859-1
             Body = User not found with id: 1
    Forwarded URL = null
   Redirected URL = null
          Cookies = []
]]></system-out>
  </testcase>
  <testcase name="testSaveUserEndpoint" classname="com.example.webshopbackend.controller.UserControllerTest" time="0.169"/>
  <testcase name="testAllUsersEndpoint" classname="com.example.webshopbackend.controller.UserControllerTest" time="0.054"/>
</testsuite>